<?xml version="1.0" encoding="UTF-8"?>
<!-- Generated by org.testng.reporters.JUnitReportReporter -->
<testsuite hostname="MyPC300594" failures="0" tests="1" name="com.restasure.Demo1" time="6.696" errors="0" timestamp="2022-10-12T19:19:44 IST" skipped="0">
  <testcase classname="com.restasure.Demo1" name="test1" time="6.696"/>
  <system-out/>
</testsuite> <!-- com.restasure.Demo1 -->
