<?xml version="1.0" encoding="UTF-8"?>
<!-- Generated by org.testng.reporters.JUnitReportReporter -->
<testsuite hostname="MyPC300594" failures="0" tests="1" name="com.restasure.PostRequest" time="5.594" errors="0" timestamp="2022-10-13T18:31:24 IST" skipped="0">
  <testcase classname="com.restasure.PostRequest" name="tc1" time="5.594"/>
  <system-out/>
</testsuite> <!-- com.restasure.PostRequest -->
