<?xml version="1.0" encoding="UTF-8"?>
<!-- Generated by org.testng.reporters.JUnitReportReporter -->
<testsuite hostname="MyPC300594" failures="0" tests="1" name="com.restasure.PutRequest" time="7.412" errors="0" timestamp="2022-10-13T16:03:54 IST" skipped="0">
  <testcase classname="com.restasure.PutRequest" name="addDetials" time="7.412"/>
  <system-out/>
</testsuite> <!-- com.restasure.PutRequest -->
