<?xml version="1.0" encoding="UTF-8"?>
<!-- Generated by org.testng.reporters.JUnitReportReporter -->
<testsuite hostname="MyPC300594" failures="0" tests="1" name="com.restasure.GetRequest" time="7.949" errors="0" timestamp="2022-10-13T18:30:24 IST" skipped="0">
  <testcase classname="com.restasure.GetRequest" name="test1" time="7.949"/>
  <system-out/>
</testsuite> <!-- com.restasure.GetRequest -->
