<?xml version="1.0" encoding="UTF-8"?>
<!-- Generated by org.testng.reporters.JUnitReportReporter -->
<testsuite hostname="MyPC300594" failures="0" tests="1" name="com.restasure.DeletRequest" time="5.307" errors="0" timestamp="2022-10-14T11:59:21 IST" skipped="0">
  <testcase classname="com.restasure.DeletRequest" name="deleteData" time="5.307"/>
  <system-out/>
</testsuite> <!-- com.restasure.DeletRequest -->
