<?xml version="1.0" encoding="UTF-8"?>
<!-- Generated by org.testng.reporters.JUnitReportReporter -->
<testsuite hostname="MyPC300594" failures="0" tests="1" name="com.demo.getRequest" time="8.560" errors="0" timestamp="2022-10-13T16:13:51 IST" skipped="0">
  <testcase classname="com.demo.getRequest" name="getDetials" time="8.560"/>
  <system-out/>
</testsuite> <!-- com.demo.getRequest -->
